<?xml version="1.0" encoding="UTF-8"?>
<testsuite name="BookTests" tests="4" skipped="0" failures="0" errors="0" timestamp="2017-03-15T07:37:20" hostname="vagrant-ubuntu-trusty-64" time="3.87">
  <properties/>
  <testcase name="testEmpty" classname="BookTests" time="0.002"/>
  <testcase name="testBook" classname="BookTests" time="0.004"/>
  <testcase name="testJson" classname="BookTests" time="3.858"/>
  <testcase name="testToString" classname="BookTests" time="0.001"/>
  <system-out><![CDATA[]]></system-out>
  <system-err><![CDATA[]]></system-err>
</testsuite>
