<?xml version="1.0" encoding="UTF-8"?>
<testsuite name="PingResourceTest" tests="1" skipped="0" failures="0" errors="0" timestamp="2017-03-15T07:37:27" hostname="vagrant-ubuntu-trusty-64" time="0.503">
  <properties/>
  <testcase name="testGetPing" classname="PingResourceTest" time="0.503"/>
  <system-out><![CDATA[]]></system-out>
  <system-err><![CDATA[]]></system-err>
</testsuite>
